[2018-04-11 19:08:57.751] [file_logger] [info] Loaded image from ../Resources/ProblemSet3/pic_a.jpg
[2018-04-11 19:08:57.760] [file_logger] [info] Loaded image from ../Resources/ProblemSet3/pic_b.jpg
[2018-04-11 19:08:57.760] [logger] [info] Created output directory at "./ps3_output"
[2018-04-11 19:08:57.760] [file_logger] [info] Using random seed 16 38 c7 e4 6a a2 d8 cc 96 f6 fe f1 4b 7d a7 25 
[2018-04-11 19:08:57.760] [file_logger] [info] Loaded points from ../Resources/ProblemSet3/pts2d-pic_a.txt
[2018-04-11 19:08:57.760] [file_logger] [info] Loaded points from ../Resources/ProblemSet3/pts2d-pic_b.txt
[2018-04-11 19:08:57.761] [file_logger] [info] Loaded points from ../Resources/ProblemSet3/pts2d-norm-pic_a.txt
[2018-04-11 19:08:57.761] [file_logger] [info] Loaded points from ../Resources/ProblemSet3/pts3d.txt
[2018-04-11 19:08:57.761] [file_logger] [info] Loaded points from ../Resources/ProblemSet3/pts3d-norm.txt
[2018-04-11 19:08:57.761] [logger] [info] Loaded runtime configuration from "../config/ps3.yaml"
[2018-04-11 19:08:57.761] [logger] [info] Problem 1a begins
[2018-04-11 19:08:57.762] [logger] [info] Calibration parameters (using normal least squares):
[ 0.76786      -0.49385     -0.023398    0.0067443    
  -0.085213    -0.091468    -0.90652     -0.087757    
  0.18265      0.29883      -0.074192    1             ]
Projected 3D point
[1.2323, 1.4421, 0.4506, 1]
to 2D point
[0.14190573, -0.45183986, 0.99999994]
Residual = 0.00156357
[2018-04-11 19:08:57.763] [logger] [info] Calibration parameters (using singular value decomposition):
[ 0.45828      -0.29474     -0.013957    0.0040259    
  -0.050856    -0.054585    -0.54106     -0.052376    
  0.10901      0.17835      -0.044268    0.59682       ]
Projected 3D point
[1.2323, 1.4421, 0.4506, 1]
to 2D point
[0.1419062, -0.45184308, 1]
Residual = 0.0015622
[2018-04-11 19:08:57.763] [logger] [info] Problem 1a runtime = 2.56502 ms
[2018-04-11 19:08:57.763] [logger] [info] Problems 1b and 1c begin
[2018-04-11 19:08:57.772] [logger] [info] All computed residuals:
[4.946314677278304, 10.93386707473356, 3.778666987456681;
 14.73268176079164, 307.9845094072188, 45.5595627642943;
 23.78386246786605, 12.2410688372804, 10.69169865005561;
 42.80109819671209, 7.643525226174578, 7.02850997446868;
 574.9949718217316, 18.77454368333919, 7.20265203350789;
 23.45316473037575, 117.4753877977528, 31.98030631790589;
 1764.827066954847, 16.46992913351448, 165.5090534473709;
 8.496700939337815, 15.42366869637113, 22.60050929982096;
 2.451639696679493, 15.77386195904591, 6.830741396911162;
 20.53951516110012, 5.760961837178528, 5.929776959269682]
[2018-04-11 19:08:57.772] [logger] [info] 
Minimum residual: 2.45164
Found with constraint size: 8
Computed parameters:
[ -2.098       1.3374       0.46848      210.25       
  -0.4441      -0.30386     2.3166       157.21       
  -0.0022486   -0.0011002   0.00061062   1             ]
[2018-04-11 19:08:57.772] [logger] [info] Center of camera:
[302.75244;
 307.05109;
 30.453285]
[2018-04-11 19:08:57.772] [logger] [info] Problems 1b and 1c runtime = 8.65889 ms
[2018-04-11 19:08:57.772] [logger] [info] Problem 2 begins
[2018-04-11 19:08:57.772] [logger] [info] Fundamental matrix estimate:
[ -6.5904e-07  7.8708e-06   -0.0018749   
  8.8167e-06   1.2364e-06   0.01716      
  -0.00091146  -0.026341    1             ]
[2018-04-11 19:08:57.772] [logger] [info] Fundamental matrix with rank = 2
[ -5.3273e-07  7.864e-06    -0.0018749   
  8.8282e-06   1.2357e-06   0.01716      
  -0.00091147  -0.026341    1             ]
[2018-04-11 19:08:57.774] [file_logger] [info] @pt0: P_iL=[0, 182.94954, 1], P_iR=[1071, 225.17171, 1]
[2018-04-11 19:08:57.774] [file_logger] [info] @pt1: P_iL=[0, 201.63045, 1], P_iR=[1071, 254.0677, 1]
[2018-04-11 19:08:57.774] [file_logger] [info] @pt2: P_iL=[0, 186.66202, 1], P_iR=[1071, 230.91422, 1]
[2018-04-11 19:08:57.774] [file_logger] [info] @pt3: P_iL=[0, 275.05377, 1], P_iR=[1071, 367.6405, 1]
[2018-04-11 19:08:57.774] [file_logger] [info] @pt4: P_iL=[0, 249.65793, 1], P_iR=[1071, 328.35764, 1]
[2018-04-11 19:08:57.774] [file_logger] [info] @pt5: P_iL=[0, 124.93724, 0.99999994], P_iR=[1071, 135.43703, 0.99999994]
[2018-04-11 19:08:57.774] [file_logger] [info] @pt6: P_iL=[0, 498.29953, 1], P_iR=[1071, 712.96179, 1]
[2018-04-11 19:08:57.774] [file_logger] [info] @pt7: P_iL=[0, 194.88895, 1], P_iR=[1071.0001, 243.63982, 1]
[2018-04-11 19:08:57.774] [file_logger] [info] @pt8: P_iL=[0, 303.15045, 1], P_iR=[1071.0001, 411.10104, 1]
[2018-04-11 19:08:57.774] [file_logger] [info] @pt9: P_iL=[0, 406.50894, 1], P_iR=[1071, 570.97821, 1]
[2018-04-11 19:08:57.774] [file_logger] [info] @pt10: P_iL=[0, 391.45892, 0.99999994], P_iR=[1071, 547.69849, 0.99999994]
[2018-04-11 19:08:57.774] [file_logger] [info] @pt11: P_iL=[0, 349.88391, 1], P_iR=[1071, 483.38937, 1]
[2018-04-11 19:08:57.774] [file_logger] [info] @pt12: P_iL=[0, 299.55103, 1], P_iR=[1071, 405.53339, 1]
[2018-04-11 19:08:57.774] [file_logger] [info] @pt13: P_iL=[0, 293.78165, 1], P_iR=[1071, 396.60922, 1]
[2018-04-11 19:08:57.774] [file_logger] [info] @pt14: P_iL=[0, 364.414, 0.99999994], P_iR=[1071, 505.86487, 0.99999994]
[2018-04-11 19:08:57.774] [file_logger] [info] @pt15: P_iL=[0, 286.62558, 1], P_iR=[1071, 385.53998, 1]
[2018-04-11 19:08:57.774] [file_logger] [info] @pt16: P_iL=[0, 360.72482, 1], P_iR=[1071, 500.15836, 1]
[2018-04-11 19:08:57.774] [file_logger] [info] @pt17: P_iL=[0, 207.57829, 0.99999994], P_iR=[1071, 263.26801, 0.99999994]
[2018-04-11 19:08:57.774] [file_logger] [info] @pt18: P_iL=[0, 256.03836, 0.99999994], P_iR=[1071, 338.22705, 0.99999994]
[2018-04-11 19:08:57.774] [file_logger] [info] @pt19: P_iL=[0, 169.17543, 1], P_iR=[1070.9999, 203.8656, 1]
[2018-04-11 19:08:57.774] [file_logger] [info] @pt0: P_iL=[0, 215.89223, 1], P_iR=[1071, 243.98361, 1]
[2018-04-11 19:08:57.774] [file_logger] [info] @pt1: P_iL=[0, 246.55777, 1], P_iR=[1071, 264.70297, 1]
[2018-04-11 19:08:57.774] [file_logger] [info] @pt2: P_iL=[0, 224.14845, 1], P_iR=[1071, 249.562, 1]
[2018-04-11 19:08:57.774] [file_logger] [info] @pt3: P_iL=[0, 352.13019, 1], P_iR=[1070.9999, 336.03345, 1]
[2018-04-11 19:08:57.774] [file_logger] [info] @pt4: P_iL=[0, 316.62848, 1], P_iR=[1071, 312.04657, 1]
[2018-04-11 19:08:57.774] [file_logger] [info] @pt5: P_iL=[0, 126.00391, 1], P_iR=[1071.0001, 183.25012, 1]
[2018-04-11 19:08:57.774] [file_logger] [info] @pt6: P_iL=[0, 677.86658, 0.99999994], P_iR=[1071, 556.1189, 0.99999994]
[2018-04-11 19:08:57.775] [file_logger] [info] @pt7: P_iL=[0, 237.59557, 1], P_iR=[1071, 258.64758, 1]
[2018-04-11 19:08:57.775] [file_logger] [info] @pt8: P_iL=[0, 398.23813, 1], P_iR=[1071, 367.18652, 1]
[2018-04-11 19:08:57.775] [file_logger] [info] @pt9: P_iL=[0, 543.66003, 1], P_iR=[1070.9999, 465.44156, 1]
[2018-04-11 19:08:57.775] [file_logger] [info] @pt10: P_iL=[0, 529.3783, 0.99999994], P_iR=[1071, 455.79202, 0.99999994]
[2018-04-11 19:08:57.775] [file_logger] [info] @pt11: P_iL=[0, 462.90063, 1], P_iR=[1071, 410.87604, 1]
[2018-04-11 19:08:57.775] [file_logger] [info] @pt12: P_iL=[0, 390.44336, 1], P_iR=[1071, 361.91998, 1]
[2018-04-11 19:08:57.775] [file_logger] [info] @pt13: P_iL=[0, 382.39246, 1], P_iR=[1070.9999, 356.48032, 1]
[2018-04-11 19:08:57.775] [file_logger] [info] @pt14: P_iL=[0, 483.66714, 1], P_iR=[1071, 424.9071, 1]
[2018-04-11 19:08:57.775] [file_logger] [info] @pt15: P_iL=[0, 369.13751, 1], P_iR=[1071, 347.52454, 1]
[2018-04-11 19:08:57.775] [file_logger] [info] @pt16: P_iL=[0, 480.23126, 0.99999994], P_iR=[1070.9999, 422.58557, 0.99999994]
[2018-04-11 19:08:57.775] [file_logger] [info] @pt17: P_iL=[0, 255.49184, 1], P_iR=[1071.0001, 270.73929, 1]
[2018-04-11 19:08:57.775] [file_logger] [info] @pt18: P_iL=[0, 325.44296, 1], P_iR=[1071.0001, 318.00214, 1]
[2018-04-11 19:08:57.775] [file_logger] [info] @pt19: P_iL=[0, 197.06271, 1], P_iR=[1071, 231.26137, 1]
[2018-04-11 19:08:57.845] [logger] [info] Problem 2 runtime = 72.6594 ms
[2018-04-11 19:08:57.845] [logger] [info] Extra credit problem begins
[2018-04-11 19:08:57.845] [file_logger] [info] meanA = [558.95001;
 325.60001]
meanB = [616.70001;
 346.89999]
[2018-04-11 19:08:57.845] [file_logger] [info] Max of A = 943; Max of B = 1064
[2018-04-11 19:08:57.845] [logger] [info] 
Transform matrix T_a:
[ 0.0010604    0            -0.59274     
  0            0.0010604    -0.34528     
  0            0            1             ]
Transform matrix T_b:
[ 0.00093985   0            -0.57961     
  0            0.00093985   -0.32603     
  0            0            1             ]
[2018-04-11 19:08:57.846] [logger] [info] 
Fundamental matrix F_Hat:
[ 6.9756       -96.948      -3.4738      
  -60.857      18.526       -233.36      
  -15.566      194.67       0.84348       ]
[2018-04-11 19:08:57.846] [logger] [info] 
"Better" fundamental matrix F:
[ 6.9523e-06   -9.6624e-05  0.02431      
  -6.0654e-05  1.8464e-05   -0.19143     
  0.00024596   0.25962      -5.7308       ]
[2018-04-11 19:08:57.847] [file_logger] [info] @pt0: P_iL=[0, 173.33723, 1], P_iR=[1070.9999, 223.7773, 1]
[2018-04-11 19:08:57.847] [file_logger] [info] @pt1: P_iL=[0, 200.97592, 1], P_iR=[1071, 260.81775, 1]
[2018-04-11 19:08:57.847] [file_logger] [info] @pt2: P_iL=[0, 183.49086, 1], P_iR=[1071, 237.38486, 1]
[2018-04-11 19:08:57.847] [file_logger] [info] @pt3: P_iL=[0, 275.61441, 1], P_iR=[1071, 360.84576, 1]
[2018-04-11 19:08:57.847] [file_logger] [info] @pt4: P_iL=[0, 248.82896, 0.99999994], P_iR=[1071, 324.94882, 0.99999994]
[2018-04-11 19:08:57.847] [file_logger] [info] @pt5: P_iL=[0, 103.49219, 1], P_iR=[1071, 130.17331, 1]
[2018-04-11 19:08:57.847] [file_logger] [info] @pt6: P_iL=[0, 517.6311, 1], P_iR=[1071, 685.18842, 1]
[2018-04-11 19:08:57.847] [file_logger] [info] @pt7: P_iL=[0, 191.30649, 1], P_iR=[1070.9999, 247.85909, 1]
[2018-04-11 19:08:57.847] [file_logger] [info] @pt8: P_iL=[0, 307.05203, 0.99999994], P_iR=[1071, 402.97739, 0.99999994]
[2018-04-11 19:08:57.847] [file_logger] [info] @pt9: P_iL=[0, 421.99921, 1], P_iR=[1071, 557.02582, 1]
[2018-04-11 19:08:57.847] [file_logger] [info] @pt10: P_iL=[0, 399.40372, 1], P_iR=[1071, 526.74408, 1]
[2018-04-11 19:08:57.847] [file_logger] [info] @pt11: P_iL=[0, 358.78827, 1], P_iR=[1071, 472.31262, 1]
[2018-04-11 19:08:57.847] [file_logger] [info] @pt12: P_iL=[0, 303.10138, 1], P_iR=[1071, 397.68289, 1]
[2018-04-11 19:08:57.847] [file_logger] [info] @pt13: P_iL=[0, 297.05032, 1], P_iR=[1070.9999, 389.57346, 1]
[2018-04-11 19:08:57.847] [file_logger] [info] @pt14: P_iL=[0, 372.37723, 1], P_iR=[1071, 490.52405, 1]
[2018-04-11 19:08:57.847] [file_logger] [info] @pt15: P_iL=[0, 289.04602, 1], P_iR=[1071, 378.84634, 1]
[2018-04-11 19:08:57.847] [file_logger] [info] @pt16: P_iL=[0, 368.88766, 1], P_iR=[1071.0001, 485.8475, 1]
[2018-04-11 19:08:57.847] [file_logger] [info] @pt17: P_iL=[0, 203.93251, 1], P_iR=[1071, 264.78006, 1]
[2018-04-11 19:08:57.847] [file_logger] [info] @pt18: P_iL=[0, 256.05414, 1], P_iR=[1071.0001, 334.63174, 1]
[2018-04-11 19:08:57.847] [file_logger] [info] @pt19: P_iL=[0, 161.72791, 1], P_iR=[1071, 208.21884, 1]
[2018-04-11 19:08:57.847] [file_logger] [info] @pt0: P_iL=[0, 207.77916, 1], P_iR=[1071, 251.13638, 1]
[2018-04-11 19:08:57.847] [file_logger] [info] @pt1: P_iL=[0, 246.90129, 1], P_iR=[1071, 275.01044, 1]
[2018-04-11 19:08:57.847] [file_logger] [info] @pt2: P_iL=[0, 222.76097, 1], P_iR=[1071, 260.27893, 1]
[2018-04-11 19:08:57.847] [file_logger] [info] @pt3: P_iL=[0, 354.22467, 1], P_iR=[1071, 340.50378, 1]
[2018-04-11 19:08:57.847] [file_logger] [info] @pt4: P_iL=[0, 315.34619, 1], P_iR=[1070.9999, 316.77847, 1]
[2018-04-11 19:08:57.847] [file_logger] [info] @pt5: P_iL=[0, 112.61349, 1], P_iR=[1071.0001, 193.06218, 1]
[2018-04-11 19:08:57.847] [file_logger] [info] @pt6: P_iL=[0, 704.6673, 1], P_iR=[1071.0001, 554.35907, 1]
[2018-04-11 19:08:57.847] [file_logger] [info] @pt7: P_iL=[0, 234.53653, 1], P_iR=[1071, 267.46487, 1]
[2018-04-11 19:08:57.847] [file_logger] [info] @pt8: P_iL=[0, 397.70847, 1], P_iR=[1070.9999, 367.03949, 1]
[2018-04-11 19:08:57.847] [file_logger] [info] @pt9: P_iL=[0, 565.73462, 1], P_iR=[1071, 469.57632, 1]
[2018-04-11 19:08:57.847] [file_logger] [info] @pt10: P_iL=[0, 531.77667, 1], P_iR=[1071, 448.85373, 1]
[2018-04-11 19:08:57.847] [file_logger] [info] @pt11: P_iL=[0, 472.6962, 1], P_iR=[1071, 412.80023, 1]
[2018-04-11 19:08:57.848] [file_logger] [info] @pt12: P_iL=[0, 393.86703, 1], P_iR=[1071, 364.69531, 1]
[2018-04-11 19:08:57.848] [file_logger] [info] @pt13: P_iL=[0, 382.74323, 1], P_iR=[1071, 357.90704, 1]
[2018-04-11 19:08:57.848] [file_logger] [info] @pt14: P_iL=[0, 489.14905, 1], P_iR=[1071, 422.84052, 1]
[2018-04-11 19:08:57.848] [file_logger] [info] @pt15: P_iL=[0, 371.76682, 1], P_iR=[1071, 351.20877, 1]
[2018-04-11 19:08:57.848] [file_logger] [info] @pt16: P_iL=[0, 486.06802, 1], P_iR=[1071, 420.96036, 1]
[2018-04-11 19:08:57.848] [file_logger] [info] @pt17: P_iL=[0, 251.87901, 1], P_iR=[1071, 278.04803, 1]
[2018-04-11 19:08:57.848] [file_logger] [info] @pt18: P_iL=[0, 324.68515, 1], P_iR=[1071, 322.47748, 1]
[2018-04-11 19:08:57.848] [file_logger] [info] @pt19: P_iL=[0, 191.39456, 1], P_iR=[1071, 241.13779, 1]
[2018-04-11 19:08:57.908] [logger] [info] Extra credit problem runtime = 63.3428 ms
